Using pre-set license
Built from '2020.2/release' branch; Version is '2020.2.4f1 (becced5a802b) revision 12504301'; Using compiler version '192528614'; Build Type 'Release'
OS: 'Windows 10 Education; OS build 18363.628; Version 1909; 64bit' Language: 'ru' Physical Memory: 3970 MB
BatchMode: 1, IsHumanControllingUs: 0, StartBugReporterOnCrash: 0, Is64bit: 1, IsPro: 0

 COMMAND LINE ARGUMENTS:
C:\Program Files (x86)\Unity\2020.2.4f1\Editor\Unity.exe
-adb2
-batchMode
-noUpm
-name
AssetImportWorker0
-projectPath
C:/_me/dev/tictactoe
-logFile
Logs/AssetImportWorker0.log
-srvPort
54093
Successfully changed project path to: C:/_me/dev/tictactoe
C:/_me/dev/tictactoe
Using Asset Import Pipeline V2.
Refreshing native plugins compatible for Editor in 119.42 ms, found 0 plugins.
Preloading 0 native plugins for Editor in 0.00 ms.
Initialize engine version: 2020.2.4f1 (becced5a802b)
[Subsystems] Discovering subsystems at path C:/Program Files (x86)/Unity/2020.2.4f1/Editor/Data/Resources/UnitySubsystems
[Subsystems] Discovering subsystems at path C:/_me/dev/tictactoe/Assets
GfxDevice: creating device client; threaded=0
Direct3D:
    Version:  Direct3D 11.0 [level 11.0]
    Renderer: NVIDIA GeForce 940MX (ID=0x134d)
    Vendor:   
    VRAM:     2020 MB
    Driver:   23.21.13.8875
Initialize mono
Mono path[0] = 'C:/Program Files (x86)/Unity/2020.2.4f1/Editor/Data/Managed'
Mono path[1] = 'C:/Program Files (x86)/Unity/2020.2.4f1/Editor/Data/MonoBleedingEdge/lib/mono/unityjit'
Mono config path = 'C:/Program Files (x86)/Unity/2020.2.4f1/Editor/Data/MonoBleedingEdge/etc'
Using monoOptions --debugger-agent=transport=dt_socket,embedding=1,server=y,suspend=n,address=127.0.0.1:56700
Begin MonoManager ReloadAssembly
Registering precompiled unity dll's ...
Register platform support module: C:/Program Files (x86)/Unity/2020.2.4f1/Editor/Data/PlaybackEngines/WindowsStandaloneSupport/UnityEditor.WindowsStandalone.Extensions.dll
Registered in 0.005729 seconds.
Native extension for WindowsStandalone target not found
Refreshing native plugins compatible for Editor in 63.09 ms, found 0 plugins.
Preloading 0 native plugins for Editor in 0.00 ms.
Invoked RoslynAnalysisRunner static constructor.
RoslynAnalysisRunner will not be running.
RoslynAnalysisRunner has terminated.
Mono: successfully reloaded assembly
- Completed reload, in  7.609 seconds
Platform modules already initialized, skipping
Registering precompiled user dll's ...
Registered in 0.006718 seconds.
Begin MonoManager ReloadAssembly
Native extension for WindowsStandalone target not found
Refreshing native plugins compatible for Editor in 0.60 ms, found 0 plugins.
Preloading 0 native plugins for Editor in 0.00 ms.
Invoked RoslynAnalysisRunner static constructor.
RoslynAnalysisRunner will not be running.
RoslynAnalysisRunner has terminated.
Mono: successfully reloaded assembly
- Completed reload, in  1.737 seconds
Platform modules already initialized, skipping
========================================================================
Worker process is ready to serve import requests
Launched and connected shader compiler UnityShaderCompiler.exe after 0.12 seconds
Refreshing native plugins compatible for Editor in 0.53 ms, found 0 plugins.
Preloading 0 native plugins for Editor in 0.00 ms.
Unloading 1503 Unused Serialized files (Serialized files now loaded: 0)
System memory in use before: 77.0 MB.
System memory in use after: 77.0 MB.

Unloading 33 unused Assets to reduce memory usage. Loaded Objects now: 1929.
Total: 5.383200 ms (FindLiveObjects: 0.376100 ms CreateObjectMapping: 0.102700 ms MarkObjects: 4.727600 ms  DeleteObjects: 0.171100 ms)

========================================================================
Received Import Request.
  path: Assets/icon.png
  artifactKey: Guid(94276c49e89016e44a4328134ef0bda9) Importer(815301076,1909f56bfc062723c751e8b465ee728b)
Start importing Assets/icon.png using Guid(94276c49e89016e44a4328134ef0bda9) Importer(815301076,1909f56bfc062723c751e8b465ee728b)  -> (artifact id: 'cb7c3ecde81c4f13d9310e0344c64c41') in 0.384091 seconds
  Import took 0.389964 seconds .

========================================================================
Received Import Request.
  Time since last request: 14.870787 seconds.
  path: Assets/Sprites
  artifactKey: Guid(82aa1f3314dded445a1d031c9344606e) Importer(815301076,1909f56bfc062723c751e8b465ee728b)
Start importing Assets/Sprites using Guid(82aa1f3314dded445a1d031c9344606e) Importer(815301076,1909f56bfc062723c751e8b465ee728b)  -> (artifact id: 'da2eec5803c59b712c9687cd1195ea5d') in 0.002989 seconds
  Import took 0.007844 seconds .

========================================================================
Received Import Request.
  Time since last request: 0.021337 seconds.
  path: Assets/Sprites
  artifactKey: Guid(82aa1f3314dded445a1d031c9344606e) Importer(815301076,1909f56bfc062723c751e8b465ee728b)
Start importing Assets/Sprites using Guid(82aa1f3314dded445a1d031c9344606e) Importer(815301076,1909f56bfc062723c751e8b465ee728b)  -> (artifact id: 'da2eec5803c59b712c9687cd1195ea5d') in 0.002662 seconds
  Import took 0.007169 seconds .

========================================================================
Received Import Request.
  Time since last request: 0.130563 seconds.
  path: Assets/Scripts
  artifactKey: Guid(e4ba9d1cc62efea45a2bd4c0176e768b) Importer(815301076,1909f56bfc062723c751e8b465ee728b)
Start importing Assets/Scripts using Guid(e4ba9d1cc62efea45a2bd4c0176e768b) Importer(815301076,1909f56bfc062723c751e8b465ee728b)  -> (artifact id: '67ae9c97075ab08d3e205049bdf96029') in 0.003362 seconds
  Import took 0.007803 seconds .

========================================================================
Received Import Request.
  Time since last request: 0.116558 seconds.
  path: Assets/Scenes
  artifactKey: Guid(131a6b21c8605f84396be9f6751fb6e3) Importer(815301076,1909f56bfc062723c751e8b465ee728b)
Start importing Assets/Scenes using Guid(131a6b21c8605f84396be9f6751fb6e3) Importer(815301076,1909f56bfc062723c751e8b465ee728b)  -> (artifact id: '1c3fbea678fe16b9123120cb5aaeb194') in 0.003130 seconds
  Import took 0.007240 seconds .

========================================================================
Received Import Request.
  Time since last request: 0.145043 seconds.
  path: Assets/Prefabs
  artifactKey: Guid(841245284fa314a4f95ae3ae19457d55) Importer(815301076,1909f56bfc062723c751e8b465ee728b)
Start importing Assets/Prefabs using Guid(841245284fa314a4f95ae3ae19457d55) Importer(815301076,1909f56bfc062723c751e8b465ee728b)  -> (artifact id: '8f507ed5c4b333beb39cfefd71084290') in 0.002921 seconds
  Import took 0.007212 seconds .

========================================================================
Received Import Request.
  Time since last request: 0.424108 seconds.
  path: Assets/Scenes/MainPage.unity
  artifactKey: Guid(277026282dad5ee43bb083a112b28123) Importer(815301076,1909f56bfc062723c751e8b465ee728b)
Start importing Assets/Scenes/MainPage.unity using Guid(277026282dad5ee43bb083a112b28123) Importer(815301076,1909f56bfc062723c751e8b465ee728b)  -> (artifact id: '1aed192fd74d5dabade7e715e3329ef0') in 0.004181 seconds
  Import took 0.008434 seconds .

========================================================================
Received Import Request.
  Time since last request: 0.123119 seconds.
  path: Assets/Scenes/PVE.unity
  artifactKey: Guid(cbdb86fdbfd8dd44181f70c4edcc823a) Importer(815301076,1909f56bfc062723c751e8b465ee728b)
Start importing Assets/Scenes/PVE.unity using Guid(cbdb86fdbfd8dd44181f70c4edcc823a) Importer(815301076,1909f56bfc062723c751e8b465ee728b)  -> (artifact id: 'f29660896301d11e8017fd0ffbb84263') in 0.003672 seconds
  Import took 0.007789 seconds .

========================================================================
Received Import Request.
  Time since last request: 141.857171 seconds.
  path: Assets/Video
  artifactKey: Guid(db0cb1474a14cad41803ed4a991d2d4a) Importer(815301076,1909f56bfc062723c751e8b465ee728b)
Start importing Assets/Video using Guid(db0cb1474a14cad41803ed4a991d2d4a) Importer(815301076,1909f56bfc062723c751e8b465ee728b)  -> (artifact id: '8407887574b43d3158dfeb572cc0015d') in 0.003394 seconds
  Import took 0.007874 seconds .

========================================================================
Received Import Request.
  Time since last request: 0.047617 seconds.
  path: Assets/StreamingAssets
  artifactKey: Guid(baad622c2fc0e874086e15a55b833bfc) Importer(815301076,1909f56bfc062723c751e8b465ee728b)
Start importing Assets/StreamingAssets using Guid(baad622c2fc0e874086e15a55b833bfc) Importer(815301076,1909f56bfc062723c751e8b465ee728b)  -> (artifact id: '4563b743faa62637c16ecfc8c23413fd') in 0.003129 seconds
  Import took 0.007741 seconds .

========================================================================
Received Import Request.
  Time since last request: 1.288875 seconds.
  path: Assets/Video/logo.mp4
  artifactKey: Guid(fc3fcebde4e33644f9b6f261d2eff1e0) Importer(815301076,1909f56bfc062723c751e8b465ee728b)
Start importing Assets/Video/logo.mp4 using Guid(fc3fcebde4e33644f9b6f261d2eff1e0) Importer(815301076,1909f56bfc062723c751e8b465ee728b)  -> (artifact id: '6da8b2409bbe8eed3b0811f1e3b91b27') in 0.025882 seconds
  Import took 0.030641 seconds .

========================================================================
Received Import Request.
  Time since last request: 0.042172 seconds.
  path: Assets/Video/logo.mp4
  artifactKey: Guid(fc3fcebde4e33644f9b6f261d2eff1e0) Importer(815301076,1909f56bfc062723c751e8b465ee728b)
Start importing Assets/Video/logo.mp4 using Guid(fc3fcebde4e33644f9b6f261d2eff1e0) Importer(815301076,1909f56bfc062723c751e8b465ee728b)  -> (artifact id: '6da8b2409bbe8eed3b0811f1e3b91b27') in 0.002862 seconds
  Import took 0.006709 seconds .

========================================================================
Received Prepare
Registering precompiled user dll's ...
Registered in 0.011826 seconds.
Begin MonoManager ReloadAssembly
Native extension for WindowsStandalone target not found
Refreshing native plugins compatible for Editor in 0.64 ms, found 0 plugins.
Preloading 0 native plugins for Editor in 0.00 ms.
Invoked RoslynAnalysisRunner static constructor.
RoslynAnalysisRunner will not be running.
RoslynAnalysisRunner has terminated.
Mono: successfully reloaded assembly
- Completed reload, in  7.205 seconds
Platform modules already initialized, skipping
Switching build target platform(5) subTarget(0) extendedPlatform(0) -> platform(13) subTarget(65536) extendedPlatform(0)
Refreshing native plugins compatible for Editor in 0.54 ms, found 0 plugins.
Preloading 0 native plugins for Editor in 0.00 ms.
Unloading 1435 Unused Serialized files (Serialized files now loaded: 0)
System memory in use before: 73.3 MB.
System memory in use after: 73.4 MB.

Unloading 24 unused Assets to reduce memory usage. Loaded Objects now: 1937.
Total: 5.475900 ms (FindLiveObjects: 0.245200 ms CreateObjectMapping: 0.132300 ms MarkObjects: 5.051700 ms  DeleteObjects: 0.043600 ms)

AssetImportParameters requested are different than current active one (requested -> active):
  custom:graphics/normal-map-encoding: 01000000000000000000000000000000 -> 02000000000000000000000000000000
========================================================================
Received Import Request.
  Time since last request: 1373.768510 seconds.
  path: Assets/Scenes/PVP.unity
  artifactKey: Guid(17a7803589eca9d4ea27c5279e8e69b0) Importer(815301076,1909f56bfc062723c751e8b465ee728b)
Start importing Assets/Scenes/PVP.unity using Guid(17a7803589eca9d4ea27c5279e8e69b0) Importer(815301076,1909f56bfc062723c751e8b465ee728b)  -> (artifact id: '3d73d7c9a288a1ef2603fbf91ec87497') in 0.863186 seconds
  Import took 1.175458 seconds .

========================================================================
Received Import Request.
  Time since last request: 0.001579 seconds.
  path: Assets/Standard Assets
  artifactKey: Guid(97988f125fc20ea4292d715ac45395ee) Importer(815301076,1909f56bfc062723c751e8b465ee728b)
Start importing Assets/Standard Assets using Guid(97988f125fc20ea4292d715ac45395ee) Importer(815301076,1909f56bfc062723c751e8b465ee728b)  -> (artifact id: '0edc18f7f5f698c959836ed13b971621') in 0.018710 seconds
  Import took 0.031127 seconds .

========================================================================
Received Import Request.
  Time since last request: 107.375625 seconds.
  path: Assets/Sprites/Main Page
  artifactKey: Guid(a4b729212bb55df4bba1b12239832c4f) Importer(815301076,1909f56bfc062723c751e8b465ee728b)
Start importing Assets/Sprites/Main Page using Guid(a4b729212bb55df4bba1b12239832c4f) Importer(815301076,1909f56bfc062723c751e8b465ee728b)  -> (artifact id: '188fe2f4f1da122cb00259e8f82db2b8') in 0.007441 seconds
  Import took 0.031640 seconds .

========================================================================
Received Import Request.
  Time since last request: 0.001389 seconds.
  path: Assets/Sprites/Main Page
  artifactKey: Guid(a4b729212bb55df4bba1b12239832c4f) Importer(815301076,1909f56bfc062723c751e8b465ee728b)
Start importing Assets/Sprites/Main Page using Guid(a4b729212bb55df4bba1b12239832c4f) Importer(815301076,1909f56bfc062723c751e8b465ee728b)  -> (artifact id: '188fe2f4f1da122cb00259e8f82db2b8') in 0.004413 seconds
  Import took 0.014322 seconds .

========================================================================
Received Import Request.
  Time since last request: 1.382570 seconds.
  path: Assets/Sprites/Main Page/Circle.png
  artifactKey: Guid(168387aee3bf93141a7650294b9edd3b) Importer(815301076,1909f56bfc062723c751e8b465ee728b)
Start importing Assets/Sprites/Main Page/Circle.png using Guid(168387aee3bf93141a7650294b9edd3b) Importer(815301076,1909f56bfc062723c751e8b465ee728b)  -> (artifact id: '454d85de84d186589ea4d43a50fe972b') in 0.447620 seconds
  Import took 0.454206 seconds .

========================================================================
Received Import Request.
  Time since last request: 12.603735 seconds.
  path: Assets/Sprites/privacyPolicy.png
  artifactKey: Guid(ecf4309e67a55764da9f8293a6d7a34a) Importer(815301076,1909f56bfc062723c751e8b465ee728b)
Start importing Assets/Sprites/privacyPolicy.png using Guid(ecf4309e67a55764da9f8293a6d7a34a) Importer(815301076,1909f56bfc062723c751e8b465ee728b)  -> (artifact id: '81fc531e64d6646c00cb06c9e8707f0f') in 0.028837 seconds
  Import took 0.033471 seconds .

========================================================================
Received Import Request.
  Time since last request: 71.111472 seconds.
  path: Assets/Sprites/Main Page/Cross.png
  artifactKey: Guid(b55241012f8911d4db2a9c2451b5b3e9) Importer(815301076,1909f56bfc062723c751e8b465ee728b)
Start importing Assets/Sprites/Main Page/Cross.png using Guid(b55241012f8911d4db2a9c2451b5b3e9) Importer(815301076,1909f56bfc062723c751e8b465ee728b)  -> (artifact id: '352375e90f514c20df1f928be1e58236') in 0.025464 seconds
  Import took 0.031875 seconds .

========================================================================
Received Import Request.
  Time since last request: 0.107592 seconds.
  path: Assets/Sprites/Main Page/Field.png
  artifactKey: Guid(b6fc73bade36eee4bb874b78900bc073) Importer(815301076,1909f56bfc062723c751e8b465ee728b)
Start importing Assets/Sprites/Main Page/Field.png using Guid(b6fc73bade36eee4bb874b78900bc073) Importer(815301076,1909f56bfc062723c751e8b465ee728b)  -> (artifact id: '0c322e4c7f555cea515be301660bd8ec') in 0.079517 seconds
  Import took 0.084527 seconds .

========================================================================
Received Import Request.
  Time since last request: 0.073558 seconds.
  path: Assets/Sprites/Main Page/Main Page.png
  artifactKey: Guid(5773a7ffaa07c294dbad023f98cbc3cd) Importer(815301076,1909f56bfc062723c751e8b465ee728b)
Start importing Assets/Sprites/Main Page/Main Page.png using Guid(5773a7ffaa07c294dbad023f98cbc3cd) Importer(815301076,1909f56bfc062723c751e8b465ee728b)  -> (artifact id: 'cbec446a72a24311163200bc34ac2fac') in 0.127637 seconds
  Import took 0.133253 seconds .

========================================================================
Received Import Request.
  Time since last request: 0.159607 seconds.
  path: Assets/Sprites/Main Page/settings.png
  artifactKey: Guid(315de3809a67d8a41a19eb94bedb7462) Importer(815301076,1909f56bfc062723c751e8b465ee728b)
Start importing Assets/Sprites/Main Page/settings.png using Guid(315de3809a67d8a41a19eb94bedb7462) Importer(815301076,1909f56bfc062723c751e8b465ee728b)  -> (artifact id: '0ed37ab56fe6e9ec81fe02837ec78b9b') in 0.020042 seconds
  Import took 0.024520 seconds .

========================================================================
Received Import Request.
  Time since last request: 1.909806 seconds.
  path: Assets/Sprites/Main Page/ThemeBorder.png
  artifactKey: Guid(79c482aabf02830489ccfbfadd7ccd92) Importer(815301076,1909f56bfc062723c751e8b465ee728b)
Start importing Assets/Sprites/Main Page/ThemeBorder.png using Guid(79c482aabf02830489ccfbfadd7ccd92) Importer(815301076,1909f56bfc062723c751e8b465ee728b)  -> (artifact id: '4e05d90c5fe4fc7f984f2b49ce3df20e') in 0.023260 seconds
  Import took 0.028568 seconds .

========================================================================
Received Import Request.
  Time since last request: 131.640308 seconds.
  path: Assets/Sprites/PVE/Life.png
  artifactKey: Guid(396ac2edac7fc284aa5afe9997e4c996) Importer(815301076,1909f56bfc062723c751e8b465ee728b)
Start importing Assets/Sprites/PVE/Life.png using Guid(396ac2edac7fc284aa5afe9997e4c996) Importer(815301076,1909f56bfc062723c751e8b465ee728b)  -> (artifact id: '4cab9a38d4919f9c24c94330575b6017') in 0.370727 seconds
  Import took 0.376828 seconds .

========================================================================
Received Import Request.
  Time since last request: 0.000301 seconds.
  path: Assets/Sprites/PVP/plus.png
  artifactKey: Guid(e465e49a6aea4794dac15cdab7b42692) Importer(815301076,1909f56bfc062723c751e8b465ee728b)
Start importing Assets/Sprites/PVP/plus.png using Guid(e465e49a6aea4794dac15cdab7b42692) Importer(815301076,1909f56bfc062723c751e8b465ee728b)  -> (artifact id: 'e88535fbbe7a48fc2ebcd5f2b77a7647') in 0.021427 seconds
  Import took 0.026024 seconds .

========================================================================
Received Import Request.
  Time since last request: 0.000426 seconds.
  path: Assets/Sprites/PVP/PVP.png
  artifactKey: Guid(26d780597dd69af408400b7b97c5740c) Importer(815301076,1909f56bfc062723c751e8b465ee728b)
Start importing Assets/Sprites/PVP/PVP.png using Guid(26d780597dd69af408400b7b97c5740c) Importer(815301076,1909f56bfc062723c751e8b465ee728b)  -> (artifact id: 'f5c51498c81414969d67c4c2ba7f39d2') in 0.037822 seconds
  Import took 0.044005 seconds .

========================================================================
Received Import Request.
  Time since last request: 0.000319 seconds.
  path: Assets/Sprites/PVP/minus.png
  artifactKey: Guid(95a86aa6ccb39b04c9969a7a0e45e667) Importer(815301076,1909f56bfc062723c751e8b465ee728b)
Start importing Assets/Sprites/PVP/minus.png using Guid(95a86aa6ccb39b04c9969a7a0e45e667) Importer(815301076,1909f56bfc062723c751e8b465ee728b)  -> (artifact id: 'f21be79a20d5e453c9ddad525c4d9bcc') in 0.017662 seconds
  Import took 0.026657 seconds .

========================================================================
Received Import Request.
  Time since last request: 0.000309 seconds.
  path: Assets/Sprites/PVP/PVP.png
  artifactKey: Guid(26d780597dd69af408400b7b97c5740c) Importer(815301076,1909f56bfc062723c751e8b465ee728b)
Start importing Assets/Sprites/PVP/PVP.png using Guid(26d780597dd69af408400b7b97c5740c) Importer(815301076,1909f56bfc062723c751e8b465ee728b)  -> (artifact id: 'f5c51498c81414969d67c4c2ba7f39d2') in 0.031510 seconds
  Import took 0.037010 seconds .

========================================================================
Received Import Request.
  Time since last request: 0.000315 seconds.
  path: Assets/Sprites/PVE/Life.png
  artifactKey: Guid(396ac2edac7fc284aa5afe9997e4c996) Importer(815301076,1909f56bfc062723c751e8b465ee728b)
Start importing Assets/Sprites/PVE/Life.png using Guid(396ac2edac7fc284aa5afe9997e4c996) Importer(815301076,1909f56bfc062723c751e8b465ee728b)  -> (artifact id: '4cab9a38d4919f9c24c94330575b6017') in 0.268177 seconds
  Import took 0.272437 seconds .

========================================================================
Received Import Request.
  Time since last request: 54.058238 seconds.
  path: Assets
  artifactKey: Guid(00000000000000001000000000000000) Importer(815301076,1909f56bfc062723c751e8b465ee728b)
Start importing Assets using Guid(00000000000000001000000000000000) Importer(815301076,1909f56bfc062723c751e8b465ee728b)  -> (artifact id: 'edc3feb264a98656617d3c2cb59c8f16') in 0.004366 seconds
  Import took 0.008787 seconds .

========================================================================
Received Import Request.
  Time since last request: 0.215260 seconds.
  path: Assets/Animations
  artifactKey: Guid(ad4fcc33b9385b348942941719cfe293) Importer(815301076,1909f56bfc062723c751e8b465ee728b)
Start importing Assets/Animations using Guid(ad4fcc33b9385b348942941719cfe293) Importer(815301076,1909f56bfc062723c751e8b465ee728b)  -> (artifact id: 'de08f225169d0609b036e35578fdd7fd') in 0.003756 seconds
  Import took 0.009490 seconds .

========================================================================
Received Import Request.
  Time since last request: 0.178021 seconds.
  path: Assets/Audio
  artifactKey: Guid(60f1f4c809602184ea5e43dc4857445e) Importer(815301076,1909f56bfc062723c751e8b465ee728b)
Start importing Assets/Audio using Guid(60f1f4c809602184ea5e43dc4857445e) Importer(815301076,1909f56bfc062723c751e8b465ee728b)  -> (artifact id: 'b1dddc9f7dc2229db0649efad50e7bd9') in 0.004057 seconds
  Import took 0.009832 seconds .

========================================================================
Received Import Request.
  Time since last request: 0.134946 seconds.
  path: Assets/Fonts
  artifactKey: Guid(c515defa419630143aac482ffd76bb0e) Importer(815301076,1909f56bfc062723c751e8b465ee728b)
Start importing Assets/Fonts using Guid(c515defa419630143aac482ffd76bb0e) Importer(815301076,1909f56bfc062723c751e8b465ee728b)  -> (artifact id: 'b75aaf4dd413d5cb64b52e60469a5bf1') in 0.004103 seconds
  Import took 0.009181 seconds .

========================================================================
Received Import Request.
  Time since last request: 0.136096 seconds.
  path: Assets/Plugins
  artifactKey: Guid(d820748acb186409b93415c049dd2cfc) Importer(815301076,1909f56bfc062723c751e8b465ee728b)
Start importing Assets/Plugins using Guid(d820748acb186409b93415c049dd2cfc) Importer(815301076,1909f56bfc062723c751e8b465ee728b)  -> (artifact id: '073ae1bc07dfd4e212df628f35404e64') in 0.004007 seconds
  Import took 0.008756 seconds .

========================================================================
Received Import Request.
  Time since last request: 5.293979 seconds.
  path: Assets/Sprites/Shaders
  artifactKey: Guid(c7b07417c11692b4d8978fddb529b213) Importer(815301076,1909f56bfc062723c751e8b465ee728b)
Start importing Assets/Sprites/Shaders using Guid(c7b07417c11692b4d8978fddb529b213) Importer(815301076,1909f56bfc062723c751e8b465ee728b)  -> (artifact id: 'f4560d2af58203c711da3c905cd4d73d') in 0.003245 seconds
  Import took 0.007623 seconds .

========================================================================
Received Import Request.
  Time since last request: 14.916979 seconds.
  path: Assets/Shaders/NewUnlitShader.shader
  artifactKey: Guid(8c668994a1fe15242ab3657de941f1ee) Importer(815301076,1909f56bfc062723c751e8b465ee728b)
Start importing Assets/Shaders/NewUnlitShader.shader using Guid(8c668994a1fe15242ab3657de941f1ee) Importer(815301076,1909f56bfc062723c751e8b465ee728b)  -> (artifact id: '8a8b5fcdd5bae20bc19dea841c22cf95') in 0.032719 seconds
  Import took 0.037722 seconds .

========================================================================
Received Import Request.
  Time since last request: 0.005485 seconds.
  path: Assets/Shaders/NewUnlitShader.shader
  artifactKey: Guid(8c668994a1fe15242ab3657de941f1ee) Importer(815301076,1909f56bfc062723c751e8b465ee728b)
Start importing Assets/Shaders/NewUnlitShader.shader using Guid(8c668994a1fe15242ab3657de941f1ee) Importer(815301076,1909f56bfc062723c751e8b465ee728b)  -> (artifact id: '8a8b5fcdd5bae20bc19dea841c22cf95') in 0.004793 seconds
  Import took 0.009402 seconds .

========================================================================
Received Import Request.
  Time since last request: 6.602641 seconds.
  path: Assets/Shaders/Color.shader
  artifactKey: Guid(8c668994a1fe15242ab3657de941f1ee) Importer(815301076,1909f56bfc062723c751e8b465ee728b)
Start importing Assets/Shaders/Color.shader using Guid(8c668994a1fe15242ab3657de941f1ee) Importer(815301076,1909f56bfc062723c751e8b465ee728b)  -> (artifact id: 'cfe8689714a3b07f5000ffc5226e8d0b') in 0.006734 seconds
  Import took 0.013273 seconds .

========================================================================
Received Import Request.
  Time since last request: 60.152208 seconds.
  path: Assets/Shaders/Color.shader
  artifactKey: Guid(8c668994a1fe15242ab3657de941f1ee) Importer(815301076,1909f56bfc062723c751e8b465ee728b)
Start importing Assets/Shaders/Color.shader using Guid(8c668994a1fe15242ab3657de941f1ee) Importer(815301076,1909f56bfc062723c751e8b465ee728b)  -> (artifact id: '8ef5d2d961c3a9b8c6b8be82c8b27aa3') in 0.006210 seconds
  Import took 0.013825 seconds .

========================================================================
Received Import Request.
  Time since last request: 28.440985 seconds.
  path: Assets/Shaders/Materials
  artifactKey: Guid(0b6f7373a076f5743b67cbcca802fccc) Importer(815301076,1909f56bfc062723c751e8b465ee728b)
Start importing Assets/Shaders/Materials using Guid(0b6f7373a076f5743b67cbcca802fccc) Importer(815301076,1909f56bfc062723c751e8b465ee728b)  -> (artifact id: 'e1599ec7c6c3f8c915e0161ef33d6a6f') in 0.004996 seconds
  Import took 0.009923 seconds .

